<?xml version="1.0" encoding="UTF-8"?>
<testsuite name="com.basic.auth.basic.auth.service.BasicAuthServiceApplicationTests" tests="1" skipped="0" failures="0" errors="0" timestamp="2024-08-22T09:22:59" hostname="MacBook-Pro-od-Petar.local" time="0.272">
  <properties/>
  <testcase name="contextLoads()" classname="com.basic.auth.basic.auth.service.BasicAuthServiceApplicationTests" time="0.272"/>
  <system-out><![CDATA[11:22:57.551 [Test worker] INFO org.springframework.test.context.support.AnnotationConfigContextLoaderUtils -- Could not detect default configuration classes for test class [com.basic.auth.basic.auth.service.BasicAuthServiceApplicationTests]: BasicAuthServiceApplicationTests does not declare any static, non-private, non-final, nested classes annotated with @Configuration.
11:22:57.604 [Test worker] INFO org.springframework.boot.test.context.SpringBootTestContextBootstrapper -- Found @SpringBootConfiguration com.basic.auth.basic.auth.service.BasicAuthServiceApplication for test class com.basic.auth.basic.auth.service.BasicAuthServiceApplicationTests

  .   ____          _            __ _ _
 /\\ / ___'_ __ _ _(_)_ __  __ _ \ \ \ \
( ( )\___ | '_ | '_| | '_ \/ _` | \ \ \ \
 \\/  ___)| |_)| | | | | || (_| |  ) ) ) )
  '  |____| .__|_| |_|_| |_\__, | / / / /
 =========|_|==============|___/=/_/_/_/

 :: Spring Boot ::                (v3.3.2)

2024-08-22T11:22:57.760+02:00  INFO 97385 --- [    Test worker] a.b.a.s.BasicAuthServiceApplicationTests : Starting BasicAuthServiceApplicationTests using Java 21.0.4 with PID 97385 (started by perorororo in /Users/perorororo/Development/private/gitrepo/basic-auth-service)
2024-08-22T11:22:57.761+02:00  INFO 97385 --- [    Test worker] a.b.a.s.BasicAuthServiceApplicationTests : The following 1 profile is active: "local"
2024-08-22T11:22:58.039+02:00  INFO 97385 --- [    Test worker] .s.d.r.c.RepositoryConfigurationDelegate : Bootstrapping Spring Data JPA repositories in DEFAULT mode.
2024-08-22T11:22:58.064+02:00  INFO 97385 --- [    Test worker] .s.d.r.c.RepositoryConfigurationDelegate : Finished Spring Data repository scanning in 22 ms. Found 1 JPA repository interface.
2024-08-22T11:22:58.223+02:00  INFO 97385 --- [    Test worker] com.zaxxer.hikari.HikariDataSource       : HikariPool-1 - Starting...
2024-08-22T11:22:58.309+02:00  INFO 97385 --- [    Test worker] com.zaxxer.hikari.pool.HikariPool        : HikariPool-1 - Added connection org.postgresql.jdbc.PgConnection@3739f3c9
2024-08-22T11:22:58.309+02:00  INFO 97385 --- [    Test worker] com.zaxxer.hikari.HikariDataSource       : HikariPool-1 - Start completed.
2024-08-22T11:22:58.379+02:00  INFO 97385 --- [    Test worker] liquibase.database                       : Set default schema name to public
2024-08-22T11:22:58.583+02:00  INFO 97385 --- [    Test worker] liquibase.changelog                      : Reading from public.databasechangelog
2024-08-22T11:22:58.600+02:00  INFO 97385 --- [    Test worker] liquibase.ui                             : Database is up to date, no changesets to execute
2024-08-22T11:22:58.601+02:00  INFO 97385 --- [    Test worker] liquibase.changelog                      : Reading from public.databasechangelog
2024-08-22T11:22:58.604+02:00  INFO 97385 --- [    Test worker] liquibase.util                           : UPDATE SUMMARY
2024-08-22T11:22:58.604+02:00  INFO 97385 --- [    Test worker] liquibase.util                           : Run:                          0
2024-08-22T11:22:58.604+02:00  INFO 97385 --- [    Test worker] liquibase.util                           : Previously run:               2
2024-08-22T11:22:58.604+02:00  INFO 97385 --- [    Test worker] liquibase.util                           : Filtered out:                 0
2024-08-22T11:22:58.604+02:00  INFO 97385 --- [    Test worker] liquibase.util                           : -------------------------------
2024-08-22T11:22:58.604+02:00  INFO 97385 --- [    Test worker] liquibase.util                           : Total change sets:            2
2024-08-22T11:22:58.604+02:00  INFO 97385 --- [    Test worker] liquibase.util                           : Update summary generated
2024-08-22T11:22:58.612+02:00  INFO 97385 --- [    Test worker] liquibase.lockservice                    : Successfully released change log lock
2024-08-22T11:22:58.613+02:00  INFO 97385 --- [    Test worker] liquibase.command                        : Command execution complete
2024-08-22T11:22:58.649+02:00  INFO 97385 --- [    Test worker] o.hibernate.jpa.internal.util.LogHelper  : HHH000204: Processing PersistenceUnitInfo [name: default]
2024-08-22T11:22:58.669+02:00  INFO 97385 --- [    Test worker] org.hibernate.Version                    : HHH000412: Hibernate ORM core version 6.5.2.Final
2024-08-22T11:22:58.682+02:00  INFO 97385 --- [    Test worker] o.h.c.internal.RegionFactoryInitiator    : HHH000026: Second-level cache disabled
2024-08-22T11:22:58.774+02:00  INFO 97385 --- [    Test worker] o.s.o.j.p.SpringPersistenceUnitInfo      : No LoadTimeWeaver setup: ignoring JPA class transformer
2024-08-22T11:22:59.053+02:00  INFO 97385 --- [    Test worker] o.h.e.t.j.p.i.JtaPlatformInitiator       : HHH000489: No JTA platform available (set 'hibernate.transaction.jta.platform' to enable JTA platform integration)
2024-08-22T11:22:59.074+02:00  INFO 97385 --- [    Test worker] j.LocalContainerEntityManagerFactoryBean : Initialized JPA EntityManagerFactory for persistence unit 'default'
2024-08-22T11:22:59.383+02:00  INFO 97385 --- [    Test worker] eAuthenticationProviderManagerConfigurer : Global AuthenticationManager configured with AuthenticationProvider bean with name authenticationProvider
2024-08-22T11:22:59.383+02:00  WARN 97385 --- [    Test worker] r$InitializeUserDetailsManagerConfigurer : Global AuthenticationManager configured with an AuthenticationProvider bean. UserDetailsService beans will not be used for username/password login. Consider removing the AuthenticationProvider bean. Alternatively, consider using the UserDetailsService in a manually instantiated DaoAuthenticationProvider.
2024-08-22T11:22:59.629+02:00  INFO 97385 --- [    Test worker] a.b.a.s.BasicAuthServiceApplicationTests : Started BasicAuthServiceApplicationTests in 1.976 seconds (process running for 2.438)
]]></system-out>
  <system-err><![CDATA[WARNING: A Java agent has been loaded dynamically (/Users/perorororo/.gradle/caches/modules-2/files-2.1/net.bytebuddy/byte-buddy-agent/1.14.18/417558ea01fe9f0e8a94af28b9469d281c4e3984/byte-buddy-agent-1.14.18.jar)
WARNING: If a serviceability tool is in use, please run with -XX:+EnableDynamicAgentLoading to hide this warning
WARNING: If a serviceability tool is not in use, please run with -Djdk.instrument.traceUsage for more information
WARNING: Dynamic loading of agents will be disallowed by default in a future release
]]></system-err>
</testsuite>
