<?xml version="1.0" encoding="UTF-8"?>
<testsuite name="com.basic.auth.basic.auth.service.adapter.driven.persistence.JpaUserRepositoryTest" tests="0" skipped="0" failures="0" errors="0" timestamp="1970-01-01T00:00:00" hostname="MacBook-Pro-od-Petar.local" time="0.0">
  <properties/>
  <system-out><![CDATA[
  .   ____          _            __ _ _
 /\\ / ___'_ __ _ _(_)_ __  __ _ \ \ \ \
( ( )\___ | '_ | '_| | '_ \/ _` | \ \ \ \
 \\/  ___)| |_)| | | | | || (_| |  ) ) ) )
  '  |____| .__|_| |_|_| |_\__, | / / / /
 =========|_|==============|___/=/_/_/_/

 :: Spring Boot ::                (v3.3.2)

2024-08-22T11:22:59.925+02:00  INFO 97385 --- [    Test worker] c.b.a.b.a.s.a.d.p.JpaUserRepositoryTest  : Starting JpaUserRepositoryTest using Java 21.0.4 with PID 97385 (started by perorororo in /Users/perorororo/Development/private/gitrepo/basic-auth-service)
2024-08-22T11:22:59.925+02:00  INFO 97385 --- [    Test worker] c.b.a.b.a.s.a.d.p.JpaUserRepositoryTest  : The following 1 profile is active: "local"
2024-08-22T11:22:59.961+02:00  INFO 97385 --- [    Test worker] .s.d.r.c.RepositoryConfigurationDelegate : Bootstrapping Spring Data JPA repositories in DEFAULT mode.
2024-08-22T11:22:59.963+02:00  INFO 97385 --- [    Test worker] .s.d.r.c.RepositoryConfigurationDelegate : Finished Spring Data repository scanning in 1 ms. Found 1 JPA repository interface.
2024-08-22T11:23:00.001+02:00  INFO 97385 --- [    Test worker] com.zaxxer.hikari.HikariDataSource       : HikariPool-2 - Starting...
2024-08-22T11:23:00.011+02:00  INFO 97385 --- [    Test worker] com.zaxxer.hikari.pool.HikariPool        : HikariPool-2 - Added connection org.postgresql.jdbc.PgConnection@13e6b26c
2024-08-22T11:23:00.011+02:00  INFO 97385 --- [    Test worker] com.zaxxer.hikari.HikariDataSource       : HikariPool-2 - Start completed.
2024-08-22T11:23:00.018+02:00  INFO 97385 --- [    Test worker] liquibase.database                       : Set default schema name to public
2024-08-22T11:23:00.053+02:00  INFO 97385 --- [    Test worker] liquibase.changelog                      : Reading from public.databasechangelog
2024-08-22T11:23:00.060+02:00  INFO 97385 --- [    Test worker] liquibase.ui                             : Database is up to date, no changesets to execute
2024-08-22T11:23:00.060+02:00  INFO 97385 --- [    Test worker] liquibase.util                           : UPDATE SUMMARY
2024-08-22T11:23:00.060+02:00  INFO 97385 --- [    Test worker] liquibase.util                           : Run:                          0
2024-08-22T11:23:00.060+02:00  INFO 97385 --- [    Test worker] liquibase.util                           : Previously run:               2
2024-08-22T11:23:00.060+02:00  INFO 97385 --- [    Test worker] liquibase.util                           : Filtered out:                 0
2024-08-22T11:23:00.060+02:00  INFO 97385 --- [    Test worker] liquibase.util                           : -------------------------------
2024-08-22T11:23:00.060+02:00  INFO 97385 --- [    Test worker] liquibase.util                           : Total change sets:            2
2024-08-22T11:23:00.060+02:00  INFO 97385 --- [    Test worker] liquibase.util                           : Update summary generated
2024-08-22T11:23:00.063+02:00  INFO 97385 --- [    Test worker] liquibase.lockservice                    : Successfully released change log lock
2024-08-22T11:23:00.064+02:00  INFO 97385 --- [    Test worker] liquibase.command                        : Command execution complete
2024-08-22T11:23:00.069+02:00  INFO 97385 --- [    Test worker] o.hibernate.jpa.internal.util.LogHelper  : HHH000204: Processing PersistenceUnitInfo [name: default]
2024-08-22T11:23:00.070+02:00  INFO 97385 --- [    Test worker] o.h.c.internal.RegionFactoryInitiator    : HHH000026: Second-level cache disabled
2024-08-22T11:23:00.073+02:00  INFO 97385 --- [    Test worker] o.s.o.j.p.SpringPersistenceUnitInfo      : No LoadTimeWeaver setup: ignoring JPA class transformer
2024-08-22T11:23:00.086+02:00  INFO 97385 --- [    Test worker] o.h.e.t.j.p.i.JtaPlatformInitiator       : HHH000489: No JTA platform available (set 'hibernate.transaction.jta.platform' to enable JTA platform integration)
2024-08-22T11:23:00.096+02:00  INFO 97385 --- [    Test worker] j.LocalContainerEntityManagerFactoryBean : Initialized JPA EntityManagerFactory for persistence unit 'default'
2024-08-22T11:23:00.146+02:00  WARN 97385 --- [    Test worker] .s.s.UserDetailsServiceAutoConfiguration : 

Using generated security password: 27fb20d2-a458-4d79-b5f6-eed6988bdf6d

This generated password is for development use only. Your security configuration must be updated before running your application in production.

2024-08-22T11:23:00.147+02:00  INFO 97385 --- [    Test worker] r$InitializeUserDetailsManagerConfigurer : Global AuthenticationManager configured with UserDetailsService bean with name inMemoryUserDetailsManager
2024-08-22T11:23:00.157+02:00  INFO 97385 --- [    Test worker] c.b.a.b.a.s.a.d.p.JpaUserRepositoryTest  : Started JpaUserRepositoryTest in 0.241 seconds (process running for 2.967)
]]></system-out>
  <system-err><![CDATA[]]></system-err>
</testsuite>
